0 info it worked if it ends with ok
1 verbose cli [ 'C:\\Program Files\\nodejs\\node.exe',
1 verbose cli   'C:\\Program Files\\nodejs\\node_modules\\npm\\bin\\npm-cli.js',
1 verbose cli   'install',
1 verbose cli   'jquery' ]
2 info using npm@3.10.9
3 info using node@v7.2.0
4 silly loadCurrentTree Starting
5 silly install loadCurrentTree
6 silly install readLocalPackageData
7 silly fetchPackageMetaData jquery
8 silly fetchNamedPackageData jquery
9 silly mapToRegistry name jquery
10 silly mapToRegistry using default registry
11 silly mapToRegistry registry https://registry.npm.taobao.org/
12 silly mapToRegistry data Result {
12 silly mapToRegistry   raw: 'jquery',
12 silly mapToRegistry   scope: null,
12 silly mapToRegistry   escapedName: 'jquery',
12 silly mapToRegistry   name: 'jquery',
12 silly mapToRegistry   rawSpec: '',
12 silly mapToRegistry   spec: 'latest',
12 silly mapToRegistry   type: 'tag' }
13 silly mapToRegistry uri https://registry.npm.taobao.org/jquery
14 verbose request uri https://registry.npm.taobao.org/jquery
15 verbose request no auth needed
16 info attempt registry request try #1 at 23:38:53
17 verbose request id 5549fd968dc9781b
18 http request GET https://registry.npm.taobao.org/jquery
19 http 200 https://registry.npm.taobao.org/jquery
20 verbose headers { date: 'Sun, 02 Sep 2018 15:38:52 GMT',
20 verbose headers   'content-type': 'application/json; charset=utf-8',
20 verbose headers   'content-length': '106568',
20 verbose headers   connection: 'keep-alive',
20 verbose headers   'x-current-requests': '1',
20 verbose headers   vary: 'Origin',
20 verbose headers   etag: '"1a048-50ar/nSkSyfsKxS9wr9aHg2SMkA"',
20 verbose headers   'x-readtime': '28',
20 verbose headers   via: 'npmtaobao21' }
21 silly get cb [ 200,
21 silly get   { date: 'Sun, 02 Sep 2018 15:38:52 GMT',
21 silly get     'content-type': 'application/json; charset=utf-8',
21 silly get     'content-length': '106568',
21 silly get     connection: 'keep-alive',
21 silly get     'x-current-requests': '1',
21 silly get     vary: 'Origin',
21 silly get     etag: '"1a048-50ar/nSkSyfsKxS9wr9aHg2SMkA"',
21 silly get     'x-readtime': '28',
21 silly get     via: 'npmtaobao21' } ]
22 verbose get saving jquery to C:\Program Files\nodejs\node_cache\registry.npm.taobao.org\jquery\.cache.json
23 verbose correctMkdir C:\Program Files\nodejs\node_cache correctMkdir not in flight; initializing
24 silly install normalizeTree
25 silly loadCurrentTree Finishing
26 silly loadIdealTree Starting
27 silly install loadIdealTree
28 silly cloneCurrentTree Starting
29 silly install cloneCurrentTreeToIdealTree
30 silly cloneCurrentTree Finishing
31 silly loadShrinkwrap Starting
32 silly install loadShrinkwrap
33 silly loadShrinkwrap Finishing
34 silly loadAllDepsIntoIdealTree Starting
35 silly install loadAllDepsIntoIdealTree
36 silly resolveWithNewModule jquery@3.3.1 checking installable status
37 silly cache add args [ 'jquery', null ]
38 verbose cache add spec jquery
39 silly cache add parsed spec Result {
39 silly cache add   raw: 'jquery',
39 silly cache add   scope: null,
39 silly cache add   escapedName: 'jquery',
39 silly cache add   name: 'jquery',
39 silly cache add   rawSpec: '',
39 silly cache add   spec: 'latest',
39 silly cache add   type: 'tag' }
40 silly addNamed jquery@latest
41 verbose addNamed "latest" is being treated as a dist-tag for jquery
42 info addNameTag [ 'jquery', 'latest' ]
43 silly mapToRegistry name jquery
44 silly mapToRegistry using default registry
45 silly mapToRegistry registry https://registry.npm.taobao.org/
46 silly mapToRegistry data Result {
46 silly mapToRegistry   raw: 'jquery',
46 silly mapToRegistry   scope: null,
46 silly mapToRegistry   escapedName: 'jquery',
46 silly mapToRegistry   name: 'jquery',
46 silly mapToRegistry   rawSpec: '',
46 silly mapToRegistry   spec: 'latest',
46 silly mapToRegistry   type: 'tag' }
47 silly mapToRegistry uri https://registry.npm.taobao.org/jquery
48 verbose addNameTag registry:https://registry.npm.taobao.org/jquery not in flight; fetching
49 verbose request uri https://registry.npm.taobao.org/jquery
50 verbose request no auth needed
51 info attempt registry request try #1 at 23:38:53
52 http request GET https://registry.npm.taobao.org/jquery
53 http 200 https://registry.npm.taobao.org/jquery
54 verbose headers { date: 'Sun, 02 Sep 2018 15:38:52 GMT',
54 verbose headers   'content-type': 'application/json; charset=utf-8',
54 verbose headers   'transfer-encoding': 'chunked',
54 verbose headers   connection: 'keep-alive',
54 verbose headers   'x-current-requests': '1',
54 verbose headers   vary: 'Origin',
54 verbose headers   'x-readtime': '28',
54 verbose headers   'content-encoding': 'gzip' }
55 silly get cb [ 200,
55 silly get   { date: 'Sun, 02 Sep 2018 15:38:52 GMT',
55 silly get     'content-type': 'application/json; charset=utf-8',
55 silly get     'transfer-encoding': 'chunked',
55 silly get     connection: 'keep-alive',
55 silly get     'x-current-requests': '1',
55 silly get     vary: 'Origin',
55 silly get     'x-readtime': '28',
55 silly get     'content-encoding': 'gzip' } ]
56 verbose get saving jquery to C:\Program Files\nodejs\node_cache\registry.npm.taobao.org\jquery\.cache.json
57 verbose correctMkdir C:\Program Files\nodejs\node_cache correctMkdir not in flight; initializing
58 silly addNameTag next cb for jquery with tag latest
59 silly addNamed jquery@3.3.1
60 verbose addNamed "3.3.1" is a plain semver version for jquery
61 silly mapToRegistry name jquery
62 silly mapToRegistry using default registry
63 silly mapToRegistry registry https://registry.npm.taobao.org/
64 silly mapToRegistry data Result {
64 silly mapToRegistry   raw: 'jquery',
64 silly mapToRegistry   scope: null,
64 silly mapToRegistry   escapedName: 'jquery',
64 silly mapToRegistry   name: 'jquery',
64 silly mapToRegistry   rawSpec: '',
64 silly mapToRegistry   spec: 'latest',
64 silly mapToRegistry   type: 'tag' }
65 silly mapToRegistry uri https://registry.npm.taobao.org/jquery
66 verbose addRemoteTarball https://registry.npm.taobao.org/jquery/download/jquery-3.3.1.tgz not in flight; adding
67 verbose addRemoteTarball [ 'https://registry.npm.taobao.org/jquery/download/jquery-3.3.1.tgz',
67 verbose addRemoteTarball   '958ce29e81c9790f31be7792df5d4d95fc57fbca' ]
68 info retry fetch attempt 1 at 23:38:53
69 info attempt registry request try #1 at 23:38:53
70 http fetch GET https://registry.npm.taobao.org/jquery/download/jquery-3.3.1.tgz
71 http fetch 200 https://registry.npm.taobao.org/jquery/download/jquery-3.3.1.tgz
72 silly fetchAndShaCheck shasum 958ce29e81c9790f31be7792df5d4d95fc57fbca
73 verbose addTmpTarball C:\Users\Mloong\AppData\Local\Temp\npm-5124-d7c8601f\registry.npm.taobao.org\jquery\download\jquery-3.3.1.tgz not in flight; adding
74 verbose addTmpTarball already have metadata; skipping unpack for jquery@3.3.1
75 verbose correctMkdir C:\Program Files\nodejs\node_cache correctMkdir not in flight; initializing
76 silly rollbackFailedOptional Starting
77 silly rollbackFailedOptional Finishing
78 silly runTopLevelLifecycles Finishing
79 silly install printInstalled
80 verbose stack Error: EPERM: operation not permitted, mkdir 'C:\Program Files\nodejs\node_cache\jquery'
81 verbose cwd C:\Users\Mloong\Desktop\VUE\npmvue\js
82 error Windows_NT 10.0.17134
83 error argv "C:\\Program Files\\nodejs\\node.exe" "C:\\Program Files\\nodejs\\node_modules\\npm\\bin\\npm-cli.js" "install" "jquery"
84 error node v7.2.0
85 error npm  v3.10.9
86 error path C:\Program Files\nodejs\node_cache\jquery
87 error code EPERM
88 error errno -4048
89 error syscall mkdir
90 error Error: EPERM: operation not permitted, mkdir 'C:\Program Files\nodejs\node_cache\jquery'
90 error  { Error: EPERM: operation not permitted, mkdir 'C:\Program Files\nodejs\node_cache\jquery'
90 error   errno: -4048,
90 error   code: 'EPERM',
90 error   syscall: 'mkdir',
90 error   path: 'C:\\Program Files\\nodejs\\node_cache\\jquery' }
91 error Please try running this command again as root/Administrator.
92 verbose exit [ -4048, true ]
